Listening for transport dt_socket at address: 8000
23:32:58,013 INFO  ~ Starting /home/zhandos/Desktop/play_projects/project
23:32:59,451 WARN  ~ You're running Play! in DEV mode
23:32:59,673 INFO  ~ Listening for HTTP on port 9000 (Waiting a first request to start) ...
~ Server is up and running
23:33:03,045 INFO  ~ Connected to jdbc:mysql://localhost/test?useUnicode=yes&connectionCollation=utf8_general_ci&characterEncoding=UTF-8 for default
23:33:04,208 INFO  ~ Application 'test' is now started !
23:58:22,085 ERROR ~ 

@790g800ok
js.index.js action not found

Action not found
Action js.index.js could not be found. Error raised is Controller controllers.js.index not found

play.exceptions.ActionNotFoundException: Action js.index.js not found
	at play.mvc.ActionInvoker.getActionMethod(ActionInvoker.java:578)
	at play.mvc.ActionInvoker.resolve(ActionInvoker.java:84)
	at Invocation.HTTP Request(Play!)
Caused by: java.lang.Exception: Controller controllers.js.index not found
	... 3 more
23:58:22,103 ERROR ~ 

@790g800ol
css.style.css action not found

Action not found
Action css.style.css could not be found. Error raised is Controller controllers.css.style not found

play.exceptions.ActionNotFoundException: Action css.style.css not found
	at play.mvc.ActionInvoker.getActionMethod(ActionInvoker.java:578)
	at play.mvc.ActionInvoker.resolve(ActionInvoker.java:84)
	at Invocation.HTTP Request(Play!)
Caused by: java.lang.Exception: Controller controllers.css.style not found
	... 3 more
23:58:22,253 ERROR ~ 

@790g800om
js.index.js action not found

Action not found
Action js.index.js could not be found. Error raised is Controller controllers.js.index not found

play.exceptions.ActionNotFoundException: Action js.index.js not found
	at play.mvc.ActionInvoker.getActionMethod(ActionInvoker.java:578)
	at play.mvc.ActionInvoker.resolve(ActionInvoker.java:84)
	at Invocation.HTTP Request(Play!)
Caused by: java.lang.Exception: Controller controllers.js.index not found
	... 3 more
13:11:24,554 INFO  ~ Restart: Signature change !
13:29:02,634 ERROR ~ 

@790g800on
Internal Server Error (500) for request GET /NPA

Template compilation error (In /app/views/Application/NPA.html around line 57)
The template /app/views/Application/NPA.html does not compile : unable to resolve class desc   

play.exceptions.TemplateCompilationException: unable to resolve class desc 
 
	at play.templates.GroovyTemplate.compile(GroovyTemplate.java:181)
	at play.templates.GroovyTemplate.internalRender(GroovyTemplate.java:219)
	at play.templates.Template.render(Template.java:26)
	at play.templates.GroovyTemplate.render(GroovyTemplate.java:203)
	at play.mvc.results.RenderTemplate.<init>(RenderTemplate.java:28)
	at play.mvc.Controller.renderTemplate(Controller.java:836)
	at play.mvc.Controller.renderTemplate(Controller.java:814)
	at play.mvc.Controller.render(Controller.java:876)
	at controllers.Application.NPA(Application.java:61)
	at play.mvc.ActionInvoker.invokeWithContinuation(ActionInvoker.java:536)
	at play.mvc.ActionInvoker.invoke(ActionInvoker.java:473)
	at play.mvc.ActionInvoker.invokeControllerMethod(ActionInvoker.java:467)
	at play.mvc.ActionInvoker.invokeControllerMethod(ActionInvoker.java:436)
	at play.mvc.ActionInvoker.invoke(ActionInvoker.java:159)
	at Invocation.HTTP Request(Play!)
